<?xml version="1.0" encoding="UTF-8"?>
<!-- Generated by org.testng.reporters.JUnitReportReporter -->
<testsuite hostname="DESKTOP-APR9KJU" failures="0" tests="1" name="Demo.FirstClass" time="2.065" errors="0" timestamp="2021-03-22T11:38:21 EDT" skipped="0">
  <testcase classname="Demo.FirstClass" name="verifyData" time="2.065"/>
  <system-out/>
</testsuite> <!-- Demo.FirstClass -->
